<?xml version="1.0" encoding="UTF-8"?>
<!-- Generated by org.testng.reporters.JUnitReportReporter -->
<testsuite hostname="DESKTOP-LRFGOJA" failures="0" tests="1" name="test.YourInfomationPageTest" time="5.862" errors="0" timestamp="2021-10-07T00:51:18 ICT" skipped="0">
  <testcase classname="test.YourInfomationPageTest" name="yourInfomationIsDisplaySuccessfully" time="5.862"/>
  <system-out/>
</testsuite> <!-- test.YourInfomationPageTest -->
