<?xml version="1.0" encoding="UTF-8"?>
<!-- Generated by org.testng.reporters.JUnitReportReporter -->
<testsuite hostname="DESKTOP-LRFGOJA" failures="0" tests="1" name="test.LoginPageTest" time="4.595" errors="0" timestamp="2021-10-07T00:54:08 ICT" skipped="0">
  <testcase classname="test.LoginPageTest" name="loginUnsuccessfullytest" time="4.595"/>
  <system-out/>
</testsuite> <!-- test.LoginPageTest -->
