<?xml version="1.0" encoding="UTF-8"?>
<!-- Generated by org.testng.reporters.JUnitReportReporter -->
<testsuite hostname="DESKTOP-LRFGOJA" failures="0" tests="2" name="test.OverViewPageTest" time="18.136" errors="0" timestamp="2021-10-07T19:14:14 ICT" skipped="0">
  <testcase classname="test.OverViewPageTest" name="OverViewPageDisplaySuccessfully" time="7.493"/>
  <system-out/>
  <testcase classname="test.OverViewPageTest" name="OverViewPageDisplaySuccessfully" time="10.643"/>
  <system-out/>
</testsuite> <!-- test.OverViewPageTest -->
