<?xml version="1.0" encoding="UTF-8"?>
<!-- Generated by org.testng.reporters.JUnitReportReporter -->
<testsuite hostname="DESKTOP-LRFGOJA" failures="0" tests="1" name="test.AddToCartPageTest" time="5.541" errors="0" timestamp="2021-10-07T00:56:25 ICT" skipped="0">
  <testcase classname="test.AddToCartPageTest" name="cannotAddToCartWithProblemUser" time="5.541"/>
  <system-out/>
</testsuite> <!-- test.AddToCartPageTest -->
