<?xml version="1.0" encoding="UTF-8"?>
<!-- Generated by org.testng.reporters.JUnitReportReporter -->
<testsuite hostname="DESKTOP-LRFGOJA" failures="0" tests="2" name="test.CheckoutPageTest" time="18.010" errors="0" timestamp="2021-10-07T00:47:23 ICT" skipped="0">
  <testcase classname="test.CheckoutPageTest" name="CheckoutSuccessfullytest" time="7.260"/>
  <system-out/>
  <testcase classname="test.CheckoutPageTest" name="CheckoutSuccessfullytest" time="10.750"/>
  <system-out/>
</testsuite> <!-- test.CheckoutPageTest -->
